2025-07-22 21:00:40,608 - INFO - 設定ファイルを読み込みました
2025-07-22 21:00:41,131 - INFO - 管理者モードに切替
2025-07-22 21:00:41,231 - INFO - アプリケーション開始
2025-07-22 21:00:41,233 - INFO - シリアル接続成功: /dev/cu.usbmodem14201
2025-07-22 21:00:52,513 - INFO - ユーザーモードに切替
2025-07-22 21:00:53,444 - INFO - 管理者モードに切替
2025-07-22 21:01:02,592 - INFO - ユーザーモードに切替
2025-07-22 21:01:12,804 - INFO - 管理者モードに切替
2025-07-22 21:01:15,537 - INFO - 管理者モードに切替
2025-07-22 21:01:17,065 - INFO - アプリケーション終了処理開始
2025-07-22 21:01:17,067 - INFO - アプリケーション終了
2025-07-22 21:02:39,610 - INFO - 設定ファイルを読み込みました
2025-07-22 21:02:40,183 - INFO - 管理者モードに切替
2025-07-22 21:02:40,290 - INFO - アプリケーション開始
2025-07-22 21:02:40,291 - INFO - シリアル接続成功: /dev/cu.usbmodem14201
2025-07-22 21:03:13,695 - INFO - 管理者モードに切替
2025-07-22 21:03:19,669 - INFO - アプリケーション終了処理開始
2025-07-22 21:03:19,671 - INFO - アプリケーション終了
2025-07-23 12:10:39,079 - INFO - 設定ファイルを読み込みました
2025-07-23 12:10:39,714 - INFO - 管理者モードに切替
2025-07-23 12:10:39,865 - ERROR - シリアル接続エラー: [Errno 2] could not open port /dev/cu.usbmodem14201: [Errno 2] No such file or directory: '/dev/cu.usbmodem14201'
2025-07-23 12:10:39,865 - WARNING - シリアル接続失敗、ダミーデータモードで動作
2025-07-23 12:10:39,908 - INFO - アプリケーション開始
2025-07-23 12:10:55,958 - INFO - アプリケーション終了処理開始
2025-07-23 12:10:55,966 - INFO - アプリケーション終了
